20:53:18.031 [main] TRACE org.testng.internal.Graph - [Graph] ====== SORTED NODES
20:53:18.155 [main] TRACE org.testng.internal.Graph - [Graph] ====== END SORTED NODES
20:53:18.159 [main] TRACE org.testng.internal.Graph - [Graph] ADDING NODE BaseClass.tearDown()[pri:0, instance:null] 829687191
20:53:18.160 [main] TRACE org.testng.internal.Graph - [Graph] ================ SORTING
20:53:18.160 [main] TRACE org.testng.internal.Graph - [Graph] =============== DONE SORTING
20:53:18.160 [main] TRACE org.testng.internal.Graph - [Graph] ====== SORTED NODES
20:53:18.160 [main] TRACE org.testng.internal.Graph - [Graph] ====== END SORTED NODES
20:53:18.173 [main] TRACE org.testng.internal.Graph - [Graph] ADDING NODE TC_001_CheckFavorite.verify_cart()[pri:0, instance:testCases.TC_001_CheckFavorite@f316aeb] -584534297
20:53:18.174 [main] TRACE org.testng.internal.Graph - [Graph] ================ SORTING
20:53:18.174 [main] TRACE org.testng.internal.Graph - [Graph] =============== DONE SORTING
20:53:18.174 [main] TRACE org.testng.internal.Graph - [Graph] ====== SORTED NODES
20:53:18.174 [main] TRACE org.testng.internal.Graph - [Graph] ====== END SORTED NODES
20:53:18.187 [main] INFO  org.testng.internal.Utils - [TestNG] Running:
  C:\Users\Asus\AppData\Local\JetBrains\IdeaIC2023.2\temp-testng-customsuite.xml

20:53:33.806 [main] INFO  testCases.TC_001_CheckFavorite - **** starting TC_001_CheckFavorite  *****
20:53:33.806 [main] DEBUG testCases.TC_001_CheckFavorite - application logs started......
20:53:34.065 [main] INFO  testCases.TC_001_CheckFavorite - Clicked on Login button
20:53:34.066 [main] INFO  testCases.TC_001_CheckFavorite - Going to login page
20:54:05.470 [main] ERROR testCases.TC_001_CheckFavorite - test failed..
20:54:05.474 [main] DEBUG testCases.TC_001_CheckFavorite - debug logs....
21:07:56.383 [main] DEBUG org.testng.TestNG - suiteXmlPath: "C:\Users\Asus\AppData\Local\JetBrains\IdeaIC2023.2\temp-testng-customsuite.xml"
21:07:56.892 [main] TRACE org.testng.internal.Graph - [Graph] ADDING NODE BaseClass.setup()[pri:0, instance:null] -1422203584
21:07:56.893 [main] TRACE org.testng.internal.Graph - [Graph] ================ SORTING
21:07:56.899 [main] TRACE org.testng.internal.Graph - [Graph] =============== DONE SORTING
21:07:56.899 [main] TRACE org.testng.internal.Graph - [Graph] ====== SORTED NODES
21:07:56.899 [main] TRACE org.testng.internal.Graph - [Graph] ====== END SORTED NODES
21:07:56.903 [main] TRACE org.testng.internal.Graph - [Graph] ADDING NODE BaseClass.tearDown()[pri:0, instance:null] 829687191
21:07:56.904 [main] TRACE org.testng.internal.Graph - [Graph] ================ SORTING
21:07:56.904 [main] TRACE org.testng.internal.Graph - [Graph] =============== DONE SORTING
21:07:56.904 [main] TRACE org.testng.internal.Graph - [Graph] ====== SORTED NODES
21:07:56.904 [main] TRACE org.testng.internal.Graph - [Graph] ====== END SORTED NODES
21:07:56.919 [main] TRACE org.testng.internal.Graph - [Graph] ADDING NODE TC_001_CheckFavorite.verify_cart()[pri:0, instance:testCases.TC_001_CheckFavorite@38831718] 108684052
21:07:56.919 [main] TRACE org.testng.internal.Graph - [Graph] ================ SORTING
21:07:56.919 [main] TRACE org.testng.internal.Graph - [Graph] =============== DONE SORTING
21:07:56.920 [main] TRACE org.testng.internal.Graph - [Graph] ====== SORTED NODES
21:07:56.920 [main] TRACE org.testng.internal.Graph - [Graph] ====== END SORTED NODES
21:07:56.933 [main] INFO  org.testng.internal.Utils - [TestNG] Running:
  C:\Users\Asus\AppData\Local\JetBrains\IdeaIC2023.2\temp-testng-customsuite.xml

21:08:12.721 [main] INFO  testCases.TC_001_CheckFavorite - **** starting TC_001_CheckFavorite  *****
21:08:12.721 [main] DEBUG testCases.TC_001_CheckFavorite - application logs started......
21:08:12.943 [main] INFO  testCases.TC_001_CheckFavorite - Clicked on Login button
21:08:12.943 [main] INFO  testCases.TC_001_CheckFavorite - Going to login page
21:08:44.443 [main] ERROR testCases.TC_001_CheckFavorite - test failed..
21:08:44.443 [main] DEBUG testCases.TC_001_CheckFavorite - debug logs....
21:09:25.585 [main] DEBUG org.testng.TestNG - suiteXmlPath: "C:\Users\Asus\AppData\Local\JetBrains\IdeaIC2023.2\temp-testng-customsuite.xml"
21:09:26.016 [main] TRACE org.testng.internal.Graph - [Graph] ADDING NODE BaseClass.setup()[pri:0, instance:null] -1422203584
21:09:26.017 [main] TRACE org.testng.internal.Graph - [Graph] ================ SORTING
21:09:26.021 [main] TRACE org.testng.internal.Graph - [Graph] =============== DONE SORTING
21:09:26.022 [main] TRACE org.testng.internal.Graph - [Graph] ====== SORTED NODES
21:09:26.022 [main] TRACE org.testng.internal.Graph - [Graph] ====== END SORTED NODES
21:09:26.025 [main] TRACE org.testng.internal.Graph - [Graph] ADDING NODE BaseClass.tearDown()[pri:0, instance:null] 829687191
21:09:26.026 [main] TRACE org.testng.internal.Graph - [Graph] ================ SORTING
21:09:26.026 [main] TRACE org.testng.internal.Graph - [Graph] =============== DONE SORTING
