19:30:30.344 [main] TRACE org.testng.internal.Graph - [Graph] ====== SORTED NODES
19:30:30.346 [main] TRACE org.testng.internal.Graph - [Graph] ====== END SORTED NODES
19:30:30.346 [main] TRACE org.testng.internal.Graph - [Graph] ADDING NODE BasePage.afterMethode()[pri:0, instance:null] 145901492
19:30:30.347 [main] TRACE org.testng.internal.Graph - [Graph] ================ SORTING
19:30:30.347 [main] TRACE org.testng.internal.Graph - [Graph] =============== DONE SORTING
19:30:30.347 [main] TRACE org.testng.internal.Graph - [Graph] ====== SORTED NODES
19:30:30.347 [main] TRACE org.testng.internal.Graph - [Graph] ====== END SORTED NODES
19:30:30.351 [main] TRACE org.testng.internal.Graph - [Graph] ADDING NODE OrderHistoryTest.orderHistory()[pri:0, instance:taptastytestcont.OrderHistoryTest@59b38691] 1416791926
19:30:30.352 [main] TRACE org.testng.internal.Graph - [Graph] ================ SORTING
19:30:30.353 [main] TRACE org.testng.internal.Graph - [Graph] =============== DONE SORTING
19:30:30.353 [main] TRACE org.testng.internal.Graph - [Graph] ====== SORTED NODES
19:30:30.353 [main] TRACE org.testng.internal.Graph - [Graph] ====== END SORTED NODES
19:30:30.358 [main] INFO  org.testng.internal.Utils - [TestNG] Running:
  C:\Users\Alex\AppData\Local\JetBrains\IdeaIC2023.3\temp-testng-customsuite.xml

19:30:31.484 [main] INFO  utils.BasePage - **** starting TC_OrderHistory  *****
19:30:31.484 [main] DEBUG utils.BasePage - application logs started......
19:30:32.541 [main] INFO  utils.BasePage - Log in
19:30:33.611 [main] INFO  utils.BasePage - Check order history
19:30:37.436 [main] DEBUG utils.BasePage - application logs end.......
19:30:37.436 [main] INFO  utils.BasePage - **** finished TC_OrderHistory *****
