19:28:00.548 [main] TRACE org.testng.internal.Graph - [Graph] ====== SORTED NODES
19:28:00.551 [main] TRACE org.testng.internal.Graph - [Graph] ====== END SORTED NODES
19:28:00.555 [main] TRACE org.testng.internal.Graph - [Graph] ADDING NODE DisconnectTest.disconnect()[pri:0, instance:taptastytestcont.DisconnectTest@6d366c9b] -715130256
19:28:00.555 [main] TRACE org.testng.internal.Graph - [Graph] ================ SORTING
19:28:00.555 [main] TRACE org.testng.internal.Graph - [Graph] =============== DONE SORTING
19:28:00.555 [main] TRACE org.testng.internal.Graph - [Graph] ====== SORTED NODES
19:28:00.555 [main] TRACE org.testng.internal.Graph - [Graph] ====== END SORTED NODES
19:28:00.561 [main] INFO  org.testng.internal.Utils - [TestNG] Running:
  C:\Users\Alex\AppData\Local\JetBrains\IdeaIC2023.3\temp-testng-customsuite.xml

19:28:01.700 [main] INFO  utils.BasePage - **** starting TC_Disconnect  *****
19:28:01.700 [main] DEBUG utils.BasePage - application logs started......
19:28:03.077 [main] INFO  utils.BasePage - Log in
19:28:04.075 [main] INFO  utils.BasePage - Disconnect from the website
19:28:57.376 [main] DEBUG org.testng.TestNG - suiteXmlPath: "C:\Users\Alex\AppData\Local\JetBrains\IdeaIC2023.3\temp-testng-customsuite.xml"
19:28:57.515 [main] TRACE org.testng.internal.Graph - [Graph] ADDING NODE BasePage.beforeMethode()[pri:0, instance:null] 1881771703
19:28:57.516 [main] TRACE org.testng.internal.Graph - [Graph] ================ SORTING
19:28:57.517 [main] TRACE org.testng.internal.Graph - [Graph] =============== DONE SORTING
19:28:57.518 [main] TRACE org.testng.internal.Graph - [Graph] ====== SORTED NODES
19:28:57.518 [main] TRACE org.testng.internal.Graph - [Graph] ====== END SORTED NODES
19:28:57.518 [main] TRACE org.testng.internal.Graph - [Graph] ADDING NODE BasePage.afterMethode()[pri:0, instance:null] 145901492
19:28:57.518 [main] TRACE org.testng.internal.Graph - [Graph] ================ SORTING
19:28:57.519 [main] TRACE org.testng.internal.Graph - [Graph] =============== DONE SORTING
19:28:57.519 [main] TRACE org.testng.internal.Graph - [Graph] ====== SORTED NODES
19:28:57.519 [main] TRACE org.testng.internal.Graph - [Graph] ====== END SORTED NODES
19:28:57.522 [main] TRACE org.testng.internal.Graph - [Graph] ADDING NODE NotificationByEmailOnOffTest.notificationByEmail()[pri:0, instance:taptastytestcont.NotificationByEmailOnOffTest@7f36662c] -761449987
19:28:57.523 [main] TRACE org.testng.internal.Graph - [Graph] ================ SORTING
19:28:57.523 [main] TRACE org.testng.internal.Graph - [Graph] =============== DONE SORTING
19:28:57.523 [main] TRACE org.testng.internal.Graph - [Graph] ====== SORTED NODES
19:28:57.523 [main] TRACE org.testng.internal.Graph - [Graph] ====== END SORTED NODES
19:28:57.528 [main] INFO  org.testng.internal.Utils - [TestNG] Running:
  C:\Users\Alex\AppData\Local\JetBrains\IdeaIC2023.3\temp-testng-customsuite.xml

19:28:58.674 [main] INFO  utils.BasePage - **** starting TC_NotificationByEmail  *****
19:28:58.674 [main] DEBUG utils.BasePage - application logs started......
19:28:59.609 [main] INFO  utils.BasePage - Log in
19:29:00.724 [main] INFO  utils.BasePage - Notification On/Off by email
19:29:04.045 [main] DEBUG utils.BasePage - application logs end.......
19:29:04.045 [main] INFO  utils.BasePage - **** finished TC_NotificationByEmail *****
19:29:21.211 [main] DEBUG org.testng.TestNG - suiteXmlPath: "C:\Users\Alex\AppData\Local\JetBrains\IdeaIC2023.3\temp-testng-customsuite.xml"
19:29:21.352 [main] TRACE org.testng.internal.Graph - [Graph] ADDING NODE BasePage.beforeMethode()[pri:0, instance:null] 1881771703
19:29:21.352 [main] TRACE org.testng.internal.Graph - [Graph] ================ SORTING
19:29:21.354 [main] TRACE org.testng.internal.Graph - [Graph] =============== DONE SORTING
19:29:21.354 [main] TRACE org.testng.internal.Graph - [Graph] ====== SORTED NODES
19:29:21.354 [main] TRACE org.testng.internal.Graph - [Graph] ====== END SORTED NODES
19:29:21.355 [main] TRACE org.testng.internal.Graph - [Graph] ADDING NODE BasePage.afterMethode()[pri:0, instance:null] 145901492
19:29:21.355 [main] TRACE org.testng.internal.Graph - [Graph] ================ SORTING
19:29:21.355 [main] TRACE org.testng.internal.Graph - [Graph] =============== DONE SORTING
19:29:21.355 [main] TRACE org.testng.internal.Graph - [Graph] ====== SORTED NODES
19:29:21.355 [main] TRACE org.testng.internal.Graph - [Graph] ====== END SORTED NODES
19:29:21.359 [main] TRACE org.testng.internal.Graph - [Graph] ADDING NODE NotificationByEmailOnOffTest.notificationByEmail()[pri:0, instance:taptastytestcont.NotificationByEmailOnOffTest@3a320ade] -1919363409
19:29:21.359 [main] TRACE org.testng.internal.Graph - [Graph] ================ SORTING
19:29:21.359 [main] TRACE org.testng.internal.Graph - [Graph] =============== DONE SORTING
19:29:21.359 [main] TRACE org.testng.internal.Graph - [Graph] ====== SORTED NODES
19:29:21.359 [main] TRACE org.testng.internal.Graph - [Graph] ====== END SORTED NODES
