16:19:15.202 [main] TRACE org.testng.internal.Graph - [Graph] =============== DONE SORTING
16:19:15.204 [main] TRACE org.testng.internal.Graph - [Graph] ====== SORTED NODES
16:19:15.205 [main] TRACE org.testng.internal.Graph - [Graph] ====== END SORTED NODES
16:19:15.211 [main] INFO  org.testng.internal.Utils - [TestNG] Running:
  C:\Users\Alex\AppData\Local\JetBrains\IdeaIC2023.3\temp-testng-customsuite.xml

16:19:16.406 [main] INFO  utils.BasePage - **** starting TC_ LinkToAndroidApp  *****
16:19:16.406 [main] DEBUG utils.BasePage - application logs started......
16:19:17.462 [main] INFO  utils.BasePage - Navigate to website and click IOS App button and verify the link 
16:19:20.612 [main] DEBUG utils.BasePage - application logs end.......
16:19:20.613 [main] INFO  utils.BasePage - **** finished TC_ LinkToAndroidApp *****
16:20:14.797 [main] DEBUG org.testng.TestNG - suiteXmlPath: "C:\Users\Alex\AppData\Local\JetBrains\IdeaIC2023.3\temp-testng-customsuite.xml"
16:20:14.924 [main] TRACE org.testng.internal.Graph - [Graph] ADDING NODE BasePage.beforeMethode()[pri:0, instance:null] 1881771703
16:20:14.924 [main] TRACE org.testng.internal.Graph - [Graph] ================ SORTING
16:20:14.926 [main] TRACE org.testng.internal.Graph - [Graph] =============== DONE SORTING
16:20:14.926 [main] TRACE org.testng.internal.Graph - [Graph] ====== SORTED NODES
16:20:14.926 [main] TRACE org.testng.internal.Graph - [Graph] ====== END SORTED NODES
16:20:14.927 [main] TRACE org.testng.internal.Graph - [Graph] ADDING NODE BasePage.afterMethode()[pri:0, instance:null] 145901492
16:20:14.927 [main] TRACE org.testng.internal.Graph - [Graph] ================ SORTING
16:20:14.927 [main] TRACE org.testng.internal.Graph - [Graph] =============== DONE SORTING
16:20:14.927 [main] TRACE org.testng.internal.Graph - [Graph] ====== SORTED NODES
16:20:14.927 [main] TRACE org.testng.internal.Graph - [Graph] ====== END SORTED NODES
16:20:14.931 [main] TRACE org.testng.internal.Graph - [Graph] ADDING NODE LinkToAndroidAppTest.linkToAndroidApp()[pri:0, instance:taptastytestfooter.LinkToAndroidAppTest@59b38691] 1975319773
16:20:14.931 [main] TRACE org.testng.internal.Graph - [Graph] ================ SORTING
16:20:14.931 [main] TRACE org.testng.internal.Graph - [Graph] =============== DONE SORTING
16:20:14.931 [main] TRACE org.testng.internal.Graph - [Graph] ====== SORTED NODES
16:20:14.931 [main] TRACE org.testng.internal.Graph - [Graph] ====== END SORTED NODES
16:20:14.937 [main] INFO  org.testng.internal.Utils - [TestNG] Running:
  C:\Users\Alex\AppData\Local\JetBrains\IdeaIC2023.3\temp-testng-customsuite.xml

16:20:16.365 [main] INFO  utils.BasePage - **** starting TC_ LinkToAndroidApp  *****
16:20:16.365 [main] DEBUG utils.BasePage - application logs started......
16:20:17.304 [main] INFO  utils.BasePage - Navigate to website and click IOS App button and verify the link 
16:20:19.653 [main] DEBUG utils.BasePage - application logs end.......
16:20:19.653 [main] INFO  utils.BasePage - **** finished TC_ LinkToAndroidApp *****
16:32:02.300 [main] DEBUG org.testng.TestNG - suiteXmlPath: "C:\Users\Alex\AppData\Local\JetBrains\IdeaIC2023.3\temp-testng-customsuite.xml"
16:32:02.436 [main] TRACE org.testng.internal.Graph - [Graph] ADDING NODE BasePage.beforeMethode()[pri:0, instance:null] 1881771703
16:32:02.437 [main] TRACE org.testng.internal.Graph - [Graph] ================ SORTING
16:32:02.439 [main] TRACE org.testng.internal.Graph - [Graph] =============== DONE SORTING
16:32:02.439 [main] TRACE org.testng.internal.Graph - [Graph] ====== SORTED NODES
16:32:02.439 [main] TRACE org.testng.internal.Graph - [Graph] ====== END SORTED NODES
16:32:02.439 [main] TRACE org.testng.internal.Graph - [Graph] ADDING NODE BasePage.afterMethode()[pri:0, instance:null] 145901492
16:32:02.440 [main] TRACE org.testng.internal.Graph - [Graph] ================ SORTING
16:32:02.440 [main] TRACE org.testng.internal.Graph - [Graph] =============== DONE SORTING
16:32:02.440 [main] TRACE org.testng.internal.Graph - [Graph] ====== SORTED NODES
16:32:02.440 [main] TRACE org.testng.internal.Graph - [Graph] ====== END SORTED NODES
16:32:02.443 [main] TRACE org.testng.internal.Graph - [Graph] ADDING NODE ContactSectionTest.contactSection()[pri:0, instance:taptastytestfooter.ContactSectionTest@126945f9] -376531707
16:32:02.443 [main] TRACE org.testng.internal.Graph - [Graph] ================ SORTING
16:32:02.443 [main] TRACE org.testng.internal.Graph - [Graph] =============== DONE SORTING
16:32:02.443 [main] TRACE org.testng.internal.Graph - [Graph] ====== SORTED NODES
16:32:02.443 [main] TRACE org.testng.internal.Graph - [Graph] ====== END SORTED NODES
16:32:02.449 [main] INFO  org.testng.internal.Utils - [TestNG] Running:
  C:\Users\Alex\AppData\Local\JetBrains\IdeaIC2023.3\temp-testng-customsuite.xml

16:32:22.339 [main] DEBUG org.testng.TestNG - suiteXmlPath: "C:\Users\Alex\AppData\Local\JetBrains\IdeaIC2023.3\temp-testng-customsuite.xml"
