17:18:50.248 [main] INFO  utils.BasePage - **** starting TC_ AddToCartProductsAndDeleteTwo  *****
17:18:50.250 [main] DEBUG utils.BasePage - application logs started......
17:18:51.960 [main] INFO  utils.BasePage - Log in
17:18:52.746 [main] ERROR utils.BasePage - test failed..
17:18:52.746 [main] DEBUG utils.BasePage - debug logs....
17:18:52.852 [main] TRACE org.testng.internal.Graph - [Graph] ADDING NODE AddToCartProductsAndDeleteTwoTest.addToCartProductsAndDeleteTwo()[pri:0, instance:taptastytestmenu.AddToCartProductsAndDeleteTwoTest@59b38691] 1412862117
17:18:52.853 [main] TRACE org.testng.internal.Graph - [Graph] ================ SORTING
17:18:52.853 [main] TRACE org.testng.internal.Graph - [Graph] =============== DONE SORTING
17:18:52.853 [main] TRACE org.testng.internal.Graph - [Graph] ====== SORTED NODES
17:18:52.853 [main] TRACE org.testng.internal.Graph - [Graph] ====== END SORTED NODES
17:18:59.354 [main] DEBUG org.testng.TestNG - suiteXmlPath: "C:\Users\Alex\AppData\Local\JetBrains\IdeaIC2023.3\temp-testng-customsuite.xml"
17:18:59.499 [main] TRACE org.testng.internal.Graph - [Graph] ADDING NODE BasePage.beforeMethode()[pri:0, instance:null] 1881771703
17:18:59.500 [main] TRACE org.testng.internal.Graph - [Graph] ================ SORTING
17:18:59.503 [main] TRACE org.testng.internal.Graph - [Graph] =============== DONE SORTING
17:18:59.503 [main] TRACE org.testng.internal.Graph - [Graph] ====== SORTED NODES
17:18:59.503 [main] TRACE org.testng.internal.Graph - [Graph] ====== END SORTED NODES
17:18:59.504 [main] TRACE org.testng.internal.Graph - [Graph] ADDING NODE BasePage.afterMethode()[pri:0, instance:null] 145901492
17:18:59.504 [main] TRACE org.testng.internal.Graph - [Graph] ================ SORTING
17:18:59.504 [main] TRACE org.testng.internal.Graph - [Graph] =============== DONE SORTING
17:18:59.504 [main] TRACE org.testng.internal.Graph - [Graph] ====== SORTED NODES
17:18:59.504 [main] TRACE org.testng.internal.Graph - [Graph] ====== END SORTED NODES
17:18:59.509 [main] TRACE org.testng.internal.Graph - [Graph] ADDING NODE AddToCartProductsAndDeleteTwoTest.addToCartProductsAndDeleteTwo()[pri:0, instance:taptastytestmenu.AddToCartProductsAndDeleteTwoTest@2b4c1d96] 634333098
17:18:59.509 [main] TRACE org.testng.internal.Graph - [Graph] ================ SORTING
17:18:59.509 [main] TRACE org.testng.internal.Graph - [Graph] =============== DONE SORTING
17:18:59.509 [main] TRACE org.testng.internal.Graph - [Graph] ====== SORTED NODES
17:18:59.509 [main] TRACE org.testng.internal.Graph - [Graph] ====== END SORTED NODES
17:18:59.516 [main] INFO  org.testng.internal.Utils - [TestNG] Running:
  C:\Users\Alex\AppData\Local\JetBrains\IdeaIC2023.3\temp-testng-customsuite.xml

17:19:00.676 [main] INFO  utils.BasePage - **** starting TC_ AddToCartProductsAndDeleteTwo  *****
17:19:00.676 [main] DEBUG utils.BasePage - application logs started......
17:19:01.673 [main] INFO  utils.BasePage - Log in
17:19:02.793 [main] INFO  utils.BasePage - Add 3 items to cart and delete two items, check if we still have 1 product to cart
17:19:19.608 [main] TRACE org.testng.internal.Graph - [Graph] ADDING NODE AddToCartProductsAndDeleteTwoTest.addToCartProductsAndDeleteTwo()[pri:0, instance:taptastytestmenu.AddToCartProductsAndDeleteTwoTest@2b4c1d96] 634333098
17:19:19.608 [main] TRACE org.testng.internal.Graph - [Graph] ================ SORTING
17:19:19.608 [main] TRACE org.testng.internal.Graph - [Graph] =============== DONE SORTING
17:19:19.608 [main] TRACE org.testng.internal.Graph - [Graph] ====== SORTED NODES
17:19:19.608 [main] TRACE org.testng.internal.Graph - [Graph] ====== END SORTED NODES
17:19:42.201 [main] DEBUG org.testng.TestNG - suiteXmlPath: "C:\Users\Alex\AppData\Local\JetBrains\IdeaIC2023.3\temp-testng-customsuite.xml"
17:19:42.329 [main] TRACE org.testng.internal.Graph - [Graph] ADDING NODE BasePage.beforeMethode()[pri:0, instance:null] 1881771703
17:19:42.329 [main] TRACE org.testng.internal.Graph - [Graph] ================ SORTING
17:19:42.331 [main] TRACE org.testng.internal.Graph - [Graph] =============== DONE SORTING
17:19:42.331 [main] TRACE org.testng.internal.Graph - [Graph] ====== SORTED NODES
17:19:42.331 [main] TRACE org.testng.internal.Graph - [Graph] ====== END SORTED NODES
17:19:42.332 [main] TRACE org.testng.internal.Graph - [Graph] ADDING NODE BasePage.afterMethode()[pri:0, instance:null] 145901492
17:19:42.332 [main] TRACE org.testng.internal.Graph - [Graph] ================ SORTING
17:19:42.332 [main] TRACE org.testng.internal.Graph - [Graph] =============== DONE SORTING
17:19:42.332 [main] TRACE org.testng.internal.Graph - [Graph] ====== SORTED NODES
17:19:42.332 [main] TRACE org.testng.internal.Graph - [Graph] ====== END SORTED NODES
17:19:42.336 [main] TRACE org.testng.internal.Graph - [Graph] ADDING NODE AddToCartProductsAndDeleteTwoTest.addToCartProductsAndDeleteTwo()[pri:0, instance:taptastytestmenu.AddToCartProductsAndDeleteTwoTest@17aad511] 304996133
